<?xml version="1.0" encoding="UTF-8"?>
<testsuites name="Login Success" time="15.779" tests="3" failures="0" errors="0">
   <testsuite name="Login Success" tests="3" failures="0" errors="0" time="15.779" skipped="0" timestamp="2023-10-22 19:41:29" hostname="haeka - 192.168.0.83" id="Test Suites/Login Success">
      <properties>
         <property name="deviceName" value=""/>
         <property name="devicePlatform" value=""/>
         <property name="logFolder" value="C:\\Users\\haeka\\Katalon Studio\\Sanber-Week5\\Reports\\20231022_194119\\Login Success\\20231022_194119"/>
         <property name="logFiles" value="C:\\Users\\haeka\\Katalon Studio\\Sanber-Week5\\Reports\\20231022_194119\\Login Success\\20231022_194119\\execution0.log"/>
         <property name="attachments" value=""/>
         <property name="hostName" value="haeka - 192.168.0.83"/>
         <property name="os" value="Windows 10 64bit"/>
         <property name="katalonVersion" value="8.4.0.208"/>
         <property name="browser" value="Firefox 118.0"/>
         <property name="hostAddress" value="192.168.0.83"/>
         <property name="sessionId" value="10997343-85cc-4831-ba93-da6d418351c3"/>
         <property name="seleniumVersion" value="3.141.59"/>
         <property name="proxyInformation" value="ProxyInformation { proxyOption=NO_PROXY, proxyServerType=HTTP, username=, password=********, proxyServerAddress=, proxyServerPort=0, executionList=&quot;&quot;, isApplyToDesiredCapabilities=true }"/>
         <property name="platform" value="Windows 10"/>
      </properties>
      <testcase name="Test Cases/Common/Open Browser" time="7.525" classname="Test Cases/Common/Open Browser" status="PASSED">
         <system-out><![CDATA[2023-10-22 19:41:29 - [TEST_CASE][PASSED] - Test Cases/Common/Open Browser: Test Cases/Common/Open Browser

2023-10-22 19:41:29 - [TEST_STEP][PASSED] - openBrowser(""): Browser is opened with url: ''

2023-10-22 19:41:30 - [MESSAGE][INFO] - Starting 'Firefox' driver

2023-10-22 19:41:30 - [MESSAGE][INFO] - Action delay is set to 0 milliseconds

2023-10-22 19:41:37 - [MESSAGE][PASSED] - Browser is opened with url: ''

2023-10-22 19:41:37 - [TEST_STEP][PASSED] - maximizeWindow(): Current window maximized

2023-10-22 19:41:37 - [MESSAGE][PASSED] - Current window maximized]]></system-out>
         <system-err><![CDATA[]]></system-err>
      </testcase>
      <testcase name="Test Cases/Common/Navigate to url" time="5.218" classname="Test Cases/Common/Navigate to url" status="PASSED">
         <system-out><![CDATA[2023-10-22 19:41:37 - [TEST_CASE][PASSED] - Test Cases/Common/Navigate to url: Test Cases/Common/Navigate to url

2023-10-22 19:41:37 - [TEST_STEP][PASSED] - navigateToUrl("https://www.saucedemo.com/"): Navigate to 'https://www.saucedemo.com/' successfully

2023-10-22 19:41:38 - [MESSAGE][PASSED] - Navigate to 'https://www.saucedemo.com/' successfully

2023-10-22 19:41:38 - [TEST_STEP][PASSED] - delay(1): Delayed 1 second(s)

2023-10-22 19:41:39 - [MESSAGE][PASSED] - Delayed 1 second(s)

2023-10-22 19:41:39 - [TEST_STEP][PASSED] - verifyElementVisible(findTestObject("Object Repository/Page_Login/input_Swag Labs_login-button")): Object 'Object Repository/Page_Login/input_Swag Labs_login-button' is visible

2023-10-22 19:41:42 - [MESSAGE][PASSED] - Object 'Object Repository/Page_Login/input_Swag Labs_login-button' is visible]]></system-out>
         <system-err><![CDATA[]]></system-err>
      </testcase>
      <testcase name="Test Cases/Page_Login/Login with valid credentials" time="2.842" classname="Test Cases/Page_Login/Login with valid credentials" status="PASSED">
         <system-out><![CDATA[2023-10-22 19:41:42 - [TEST_CASE][PASSED] - Test Cases/Page_Login/Login with valid credentials: Test Cases/Page_Login/Login with valid credentials

2023-10-22 19:41:42 - [TEST_STEP][PASSED] - verifyElementVisible(findTestObject("Object Repository/Page_Login/input_Swag Labs_login-button")): Object 'Object Repository/Page_Login/input_Swag Labs_login-button' is visible

2023-10-22 19:41:42 - [MESSAGE][PASSED] - Object 'Object Repository/Page_Login/input_Swag Labs_login-button' is visible

2023-10-22 19:41:42 - [TEST_STEP][PASSED] - setText(findTestObject("Page_Login/input_Swag Labs_user-name"), ValidUsername): Text 'standard_user' is set on object 'Object Repository/Page_Login/input_Swag Labs_user-name'

2023-10-22 19:41:43 - [MESSAGE][PASSED] - Text 'standard_user' is set on object 'Object Repository/Page_Login/input_Swag Labs_user-name'

2023-10-22 19:41:43 - [TEST_STEP][PASSED] - setText(findTestObject("Object Repository/Page_Login/input_Swag Labs_password"), ValidPassword): Text 'secret_sauce' is set on object 'Object Repository/Page_Login/input_Swag Labs_password'

2023-10-22 19:41:44 - [MESSAGE][PASSED] - Text 'secret_sauce' is set on object 'Object Repository/Page_Login/input_Swag Labs_password'

2023-10-22 19:41:44 - [TEST_STEP][PASSED] - click(findTestObject("Object Repository/Page_Login/input_Swag Labs_login-button")): Object: 'Object Repository/Page_Login/input_Swag Labs_login-button' is clicked on

2023-10-22 19:41:45 - [MESSAGE][PASSED] - Object: 'Object Repository/Page_Login/input_Swag Labs_login-button' is clicked on]]></system-out>
         <system-err><![CDATA[]]></system-err>
      </testcase>
      <system-out><![CDATA[2023-10-22 19:41:29 - [TEST_SUITE][PASSED] - Login Success: Test Cases/Page_Login/Login with valid credentials]]></system-out>
      <system-err><![CDATA[]]></system-err>
   </testsuite>
</testsuites>
