<?xml version="1.0" encoding="UTF-8"?>
<testsuites name="Add to cart success" time="18.268" tests="4" failures="0" errors="0">
   <testsuite name="Add to cart success" tests="4" failures="0" errors="0" time="18.268" skipped="0" timestamp="2023-10-22 19:48:25" hostname="haeka - Haekal" id="Test Suites/Add to cart success">
      <properties>
         <property name="deviceName" value=""/>
         <property name="devicePlatform" value=""/>
         <property name="logFolder" value="C:\\Users\\haeka\\Katalon Studio\\Sanber-Week5\\Reports\\20231022_194812\\Add to cart success\\20231022_194813"/>
         <property name="logFiles" value="C:\\Users\\haeka\\Katalon Studio\\Sanber-Week5\\Reports\\20231022_194812\\Add to cart success\\20231022_194813\\execution0.log"/>
         <property name="attachments" value=""/>
         <property name="hostName" value="haeka - Haekal"/>
         <property name="os" value="Windows 10 64bit"/>
         <property name="katalonVersion" value="8.4.0.208"/>
         <property name="browser" value="Firefox 118.0"/>
         <property name="hostAddress" value="192.168.2.37"/>
         <property name="sessionId" value="1d1236af-8eaf-4d9a-bb45-7e52b19b3608"/>
         <property name="seleniumVersion" value="3.141.59"/>
         <property name="proxyInformation" value="ProxyInformation { proxyOption=NO_PROXY, proxyServerType=HTTP, username=, password=********, proxyServerAddress=, proxyServerPort=0, executionList=&quot;&quot;, isApplyToDesiredCapabilities=true }"/>
         <property name="platform" value="Windows 10"/>
      </properties>
      <testcase name="Test Cases/Common/Open Browser" time="8.701" classname="Test Cases/Common/Open Browser" status="PASSED">
         <system-out><![CDATA[2023-10-22 19:48:25 - [TEST_CASE][PASSED] - Test Cases/Common/Open Browser: Test Cases/Common/Open Browser

2023-10-22 19:48:25 - [TEST_STEP][PASSED] - openBrowser(""): Browser is opened with url: ''

2023-10-22 19:48:25 - [MESSAGE][INFO] - Starting 'Firefox' driver

2023-10-22 19:48:26 - [MESSAGE][INFO] - Action delay is set to 0 milliseconds

2023-10-22 19:48:34 - [MESSAGE][PASSED] - Browser is opened with url: ''

2023-10-22 19:48:34 - [TEST_STEP][PASSED] - maximizeWindow(): Current window maximized

2023-10-22 19:48:34 - [MESSAGE][PASSED] - Current window maximized]]></system-out>
         <system-err><![CDATA[]]></system-err>
      </testcase>
      <testcase name="Test Cases/Common/Navigate to url" time="4.603" classname="Test Cases/Common/Navigate to url" status="PASSED">
         <system-out><![CDATA[2023-10-22 19:48:34 - [TEST_CASE][PASSED] - Test Cases/Common/Navigate to url: Test Cases/Common/Navigate to url

2023-10-22 19:48:34 - [TEST_STEP][PASSED] - navigateToUrl("https://www.saucedemo.com/"): Navigate to 'https://www.saucedemo.com/' successfully

2023-10-22 19:48:36 - [MESSAGE][PASSED] - Navigate to 'https://www.saucedemo.com/' successfully

2023-10-22 19:48:36 - [TEST_STEP][PASSED] - delay(1): Delayed 1 second(s)

2023-10-22 19:48:38 - [MESSAGE][PASSED] - Delayed 1 second(s)

2023-10-22 19:48:38 - [TEST_STEP][PASSED] - verifyElementVisible(findTestObject("Object Repository/Page_Login/input_Swag Labs_login-button")): Object 'Object Repository/Page_Login/input_Swag Labs_login-button' is visible

2023-10-22 19:48:38 - [MESSAGE][PASSED] - Object 'Object Repository/Page_Login/input_Swag Labs_login-button' is visible]]></system-out>
         <system-err><![CDATA[]]></system-err>
      </testcase>
      <testcase name="Test Cases/Page_Login/Login with valid credentials" time="2.965" classname="Test Cases/Page_Login/Login with valid credentials" status="PASSED">
         <system-out><![CDATA[2023-10-22 19:48:38 - [TEST_CASE][PASSED] - Test Cases/Page_Login/Login with valid credentials: Test Cases/Page_Login/Login with valid credentials

2023-10-22 19:48:39 - [TEST_STEP][PASSED] - verifyElementVisible(findTestObject("Object Repository/Page_Login/input_Swag Labs_login-button")): Object 'Object Repository/Page_Login/input_Swag Labs_login-button' is visible

2023-10-22 19:48:39 - [MESSAGE][PASSED] - Object 'Object Repository/Page_Login/input_Swag Labs_login-button' is visible

2023-10-22 19:48:39 - [TEST_STEP][PASSED] - setText(findTestObject("Page_Login/input_Swag Labs_user-name"), ValidUsername): Text 'standard_user' is set on object 'Object Repository/Page_Login/input_Swag Labs_user-name'

2023-10-22 19:48:40 - [MESSAGE][PASSED] - Text 'standard_user' is set on object 'Object Repository/Page_Login/input_Swag Labs_user-name'

2023-10-22 19:48:40 - [TEST_STEP][PASSED] - setText(findTestObject("Object Repository/Page_Login/input_Swag Labs_password"), ValidPassword): Text 'secret_sauce' is set on object 'Object Repository/Page_Login/input_Swag Labs_password'

2023-10-22 19:48:41 - [MESSAGE][PASSED] - Text 'secret_sauce' is set on object 'Object Repository/Page_Login/input_Swag Labs_password'

2023-10-22 19:48:41 - [TEST_STEP][PASSED] - click(findTestObject("Object Repository/Page_Login/input_Swag Labs_login-button")): Object: 'Object Repository/Page_Login/input_Swag Labs_login-button' is clicked on

2023-10-22 19:48:41 - [MESSAGE][PASSED] - Object: 'Object Repository/Page_Login/input_Swag Labs_login-button' is clicked on]]></system-out>
         <system-err><![CDATA[]]></system-err>
      </testcase>
      <testcase name="Test Cases/Page_Inventory/Add to cart" time="1.792" classname="Test Cases/Page_Inventory/Add to cart" status="PASSED">
         <system-out><![CDATA[2023-10-22 19:48:41 - [TEST_CASE][PASSED] - Test Cases/Page_Inventory/Add to cart: Test Cases/Page_Inventory/Add to cart

2023-10-22 19:48:42 - [TEST_STEP][PASSED] - verifyElementVisible(findTestObject("Object Repository/Page_Inventory/button_Add to cart")): Object 'Object Repository/Page_Inventory/button_Add to cart' is visible

2023-10-22 19:48:42 - [MESSAGE][PASSED] - Object 'Object Repository/Page_Inventory/button_Add to cart' is visible

2023-10-22 19:48:42 - [TEST_STEP][PASSED] - click(findTestObject("Object Repository/Page_Inventory/button_Add to cart")): Object: 'Object Repository/Page_Inventory/button_Add to cart' is clicked on

2023-10-22 19:48:43 - [MESSAGE][PASSED] - Object: 'Object Repository/Page_Inventory/button_Add to cart' is clicked on

2023-10-22 19:48:43 - [TEST_STEP][PASSED] - cart = getText(findTestObject("Object Repository/Page_Inventory/total_cart")): Text of object 'Object Repository/Page_Inventory/total_cart' is: '1'

2023-10-22 19:48:43 - [MESSAGE][PASSED] - Text of object 'Object Repository/Page_Inventory/total_cart' is: '1'

2023-10-22 19:48:43 - [TEST_STEP][PASSED] - Assert.assertEquals("1", cart): null]]></system-out>
         <system-err><![CDATA[]]></system-err>
      </testcase>
      <system-out><![CDATA[2023-10-22 19:48:25 - [TEST_SUITE][PASSED] - Add to cart success: Test Cases/Page_Inventory/Add to cart]]></system-out>
      <system-err><![CDATA[]]></system-err>
   </testsuite>
</testsuites>
