<?xml version="1.0" encoding="UTF-8"?>
<testsuites name="Login with invalid username" time="45.774" tests="3" failures="0" errors="0">
   <testsuite name="Login with invalid username" tests="3" failures="0" errors="0" time="45.774" skipped="0" timestamp="2023-10-22 19:47:15" hostname="haeka - Haekal" id="Test Suites/Login with invalid username">
      <properties>
         <property name="deviceName" value=""/>
         <property name="devicePlatform" value=""/>
         <property name="logFolder" value="C:\\Users\\haeka\\Katalon Studio\\Sanber-Week5\\Reports\\20231022_194704\\Login with invalid username\\20231022_194704"/>
         <property name="logFiles" value="C:\\Users\\haeka\\Katalon Studio\\Sanber-Week5\\Reports\\20231022_194704\\Login with invalid username\\20231022_194704\\execution0.log"/>
         <property name="attachments" value=""/>
         <property name="hostName" value="haeka - Haekal"/>
         <property name="os" value="Windows 10 64bit"/>
         <property name="katalonVersion" value="8.4.0.208"/>
         <property name="browser" value="Firefox 118.0"/>
         <property name="hostAddress" value="192.168.2.37"/>
         <property name="sessionId" value="9ea2257e-4811-4867-9979-cd079bc90df5"/>
         <property name="seleniumVersion" value="3.141.59"/>
         <property name="proxyInformation" value="ProxyInformation { proxyOption=NO_PROXY, proxyServerType=HTTP, username=, password=********, proxyServerAddress=, proxyServerPort=0, executionList=&quot;&quot;, isApplyToDesiredCapabilities=true }"/>
         <property name="platform" value="Windows 10"/>
      </properties>
      <testcase name="Test Cases/Common/Open Browser" time="8.91" classname="Test Cases/Common/Open Browser" status="PASSED">
         <system-out><![CDATA[2023-10-22 19:47:15 - [TEST_CASE][PASSED] - Test Cases/Common/Open Browser: Test Cases/Common/Open Browser

2023-10-22 19:47:15 - [TEST_STEP][PASSED] - openBrowser(""): Browser is opened with url: ''

2023-10-22 19:47:16 - [MESSAGE][INFO] - Starting 'Firefox' driver

2023-10-22 19:47:16 - [MESSAGE][INFO] - Action delay is set to 0 milliseconds

2023-10-22 19:47:24 - [MESSAGE][PASSED] - Browser is opened with url: ''

2023-10-22 19:47:24 - [TEST_STEP][PASSED] - maximizeWindow(): Current window maximized

2023-10-22 19:47:24 - [MESSAGE][PASSED] - Current window maximized]]></system-out>
         <system-err><![CDATA[]]></system-err>
      </testcase>
      <testcase name="Test Cases/Common/Navigate to url" time="3.658" classname="Test Cases/Common/Navigate to url" status="PASSED">
         <system-out><![CDATA[2023-10-22 19:47:24 - [TEST_CASE][PASSED] - Test Cases/Common/Navigate to url: Test Cases/Common/Navigate to url

2023-10-22 19:47:24 - [TEST_STEP][PASSED] - navigateToUrl("https://www.saucedemo.com/"): Navigate to 'https://www.saucedemo.com/' successfully

2023-10-22 19:47:26 - [MESSAGE][PASSED] - Navigate to 'https://www.saucedemo.com/' successfully

2023-10-22 19:47:26 - [TEST_STEP][PASSED] - delay(1): Delayed 1 second(s)

2023-10-22 19:47:27 - [MESSAGE][PASSED] - Delayed 1 second(s)

2023-10-22 19:47:27 - [TEST_STEP][PASSED] - verifyElementVisible(findTestObject("Object Repository/Page_Login/input_Swag Labs_login-button")): Object 'Object Repository/Page_Login/input_Swag Labs_login-button' is visible

2023-10-22 19:47:28 - [MESSAGE][PASSED] - Object 'Object Repository/Page_Login/input_Swag Labs_login-button' is visible]]></system-out>
         <system-err><![CDATA[]]></system-err>
      </testcase>
      <testcase name="Test Cases/Page_Login/Login with invalid username" time="32.981" classname="Test Cases/Page_Login/Login with invalid username" status="PASSED">
         <system-out><![CDATA[2023-10-22 19:47:28 - [TEST_CASE][PASSED] - Test Cases/Page_Login/Login with invalid username: Test Cases/Page_Login/Login with invalid username

2023-10-22 19:47:28 - [TEST_STEP][PASSED] - verifyElementVisible(findTestObject("Object Repository/Page_Login/input_Swag Labs_login-button")): Object 'Object Repository/Page_Login/input_Swag Labs_login-button' is visible

2023-10-22 19:47:28 - [MESSAGE][PASSED] - Object 'Object Repository/Page_Login/input_Swag Labs_login-button' is visible

2023-10-22 19:47:28 - [TEST_STEP][PASSED] - setText(findTestObject("Page_Login/input_Swag Labs_user-name"), InvalidUsername): Text 'invalid_user' is set on object 'Object Repository/Page_Login/input_Swag Labs_user-name'

2023-10-22 19:47:29 - [MESSAGE][PASSED] - Text 'invalid_user' is set on object 'Object Repository/Page_Login/input_Swag Labs_user-name'

2023-10-22 19:47:29 - [TEST_STEP][PASSED] - setText(findTestObject("Object Repository/Page_Login/input_Swag Labs_password"), ValidPassword): Text 'secret_sauce' is set on object 'Object Repository/Page_Login/input_Swag Labs_password'

2023-10-22 19:47:30 - [MESSAGE][PASSED] - Text 'secret_sauce' is set on object 'Object Repository/Page_Login/input_Swag Labs_password'

2023-10-22 19:47:30 - [TEST_STEP][PASSED] - click(findTestObject("Object Repository/Page_Login/input_Swag Labs_login-button")): Object: 'Object Repository/Page_Login/input_Swag Labs_login-button' is clicked on

2023-10-22 19:47:30 - [MESSAGE][PASSED] - Object: 'Object Repository/Page_Login/input_Swag Labs_login-button' is clicked on

2023-10-22 19:47:30 - [TEST_STEP][PASSED] - verifyElementVisible(findTestObject("Object Repository/Page_Login/Error message")): Object 'Object Repository/Page_Login/Error message' is visible

2023-10-22 19:48:01 - [MESSAGE][PASSED] - Object 'Object Repository/Page_Login/Error message' is visible]]></system-out>
         <system-err><![CDATA[]]></system-err>
      </testcase>
      <system-out><![CDATA[2023-10-22 19:47:15 - [TEST_SUITE][PASSED] - Login with invalid username: Test Cases/Page_Login/Login with invalid username]]></system-out>
      <system-err><![CDATA[]]></system-err>
   </testsuite>
</testsuites>
