<?xml version="1.0" encoding="UTF-8"?>
<testsuites name="Remove Product Success" time="22.314" tests="6" failures="0" errors="0">
   <testsuite name="Remove Product Success" tests="6" failures="0" errors="0" time="22.314" skipped="0" timestamp="2023-10-22 19:49:05" hostname="haeka - Haekal" id="Test Suites/Remove Product Success">
      <properties>
         <property name="deviceName" value=""/>
         <property name="devicePlatform" value=""/>
         <property name="logFolder" value="C:\\Users\\haeka\\Katalon Studio\\Sanber-Week5\\Reports\\20231022_194851\\Remove Product Success\\20231022_194852"/>
         <property name="logFiles" value="C:\\Users\\haeka\\Katalon Studio\\Sanber-Week5\\Reports\\20231022_194851\\Remove Product Success\\20231022_194852\\execution0.log"/>
         <property name="attachments" value=""/>
         <property name="hostName" value="haeka - Haekal"/>
         <property name="os" value="Windows 10 64bit"/>
         <property name="katalonVersion" value="8.4.0.208"/>
         <property name="browser" value="Firefox 118.0"/>
         <property name="hostAddress" value="192.168.2.37"/>
         <property name="sessionId" value="c26c3b43-5335-4166-9e54-105a6e8d9066"/>
         <property name="seleniumVersion" value="3.141.59"/>
         <property name="proxyInformation" value="ProxyInformation { proxyOption=NO_PROXY, proxyServerType=HTTP, username=, password=********, proxyServerAddress=, proxyServerPort=0, executionList=&quot;&quot;, isApplyToDesiredCapabilities=true }"/>
         <property name="platform" value="Windows 10"/>
      </properties>
      <testcase name="Test Cases/Common/Open Browser" time="10.286" classname="Test Cases/Common/Open Browser" status="PASSED">
         <system-out><![CDATA[2023-10-22 19:49:05 - [TEST_CASE][PASSED] - Test Cases/Common/Open Browser: Test Cases/Common/Open Browser

2023-10-22 19:49:05 - [TEST_STEP][PASSED] - openBrowser(""): Browser is opened with url: ''

2023-10-22 19:49:06 - [MESSAGE][INFO] - Starting 'Firefox' driver

2023-10-22 19:49:06 - [MESSAGE][INFO] - Action delay is set to 0 milliseconds

2023-10-22 19:49:15 - [MESSAGE][PASSED] - Browser is opened with url: ''

2023-10-22 19:49:15 - [TEST_STEP][PASSED] - maximizeWindow(): Current window maximized

2023-10-22 19:49:15 - [MESSAGE][PASSED] - Current window maximized]]></system-out>
         <system-err><![CDATA[]]></system-err>
      </testcase>
      <testcase name="Test Cases/Common/Navigate to url" time="4.638" classname="Test Cases/Common/Navigate to url" status="PASSED">
         <system-out><![CDATA[2023-10-22 19:49:15 - [TEST_CASE][PASSED] - Test Cases/Common/Navigate to url: Test Cases/Common/Navigate to url

2023-10-22 19:49:16 - [TEST_STEP][PASSED] - navigateToUrl("https://www.saucedemo.com/"): Navigate to 'https://www.saucedemo.com/' successfully

2023-10-22 19:49:18 - [MESSAGE][PASSED] - Navigate to 'https://www.saucedemo.com/' successfully

2023-10-22 19:49:18 - [TEST_STEP][PASSED] - delay(1): Delayed 1 second(s)

2023-10-22 19:49:19 - [MESSAGE][PASSED] - Delayed 1 second(s)

2023-10-22 19:49:19 - [TEST_STEP][PASSED] - verifyElementVisible(findTestObject("Object Repository/Page_Login/input_Swag Labs_login-button")): Object 'Object Repository/Page_Login/input_Swag Labs_login-button' is visible

2023-10-22 19:49:20 - [MESSAGE][PASSED] - Object 'Object Repository/Page_Login/input_Swag Labs_login-button' is visible]]></system-out>
         <system-err><![CDATA[]]></system-err>
      </testcase>
      <testcase name="Test Cases/Page_Login/Login with valid credentials" time="2.737" classname="Test Cases/Page_Login/Login with valid credentials" status="PASSED">
         <system-out><![CDATA[2023-10-22 19:49:20 - [TEST_CASE][PASSED] - Test Cases/Page_Login/Login with valid credentials: Test Cases/Page_Login/Login with valid credentials

2023-10-22 19:49:20 - [TEST_STEP][PASSED] - verifyElementVisible(findTestObject("Object Repository/Page_Login/input_Swag Labs_login-button")): Object 'Object Repository/Page_Login/input_Swag Labs_login-button' is visible

2023-10-22 19:49:21 - [MESSAGE][PASSED] - Object 'Object Repository/Page_Login/input_Swag Labs_login-button' is visible

2023-10-22 19:49:21 - [TEST_STEP][PASSED] - setText(findTestObject("Page_Login/input_Swag Labs_user-name"), ValidUsername): Text 'standard_user' is set on object 'Object Repository/Page_Login/input_Swag Labs_user-name'

2023-10-22 19:49:21 - [MESSAGE][PASSED] - Text 'standard_user' is set on object 'Object Repository/Page_Login/input_Swag Labs_user-name'

2023-10-22 19:49:21 - [TEST_STEP][PASSED] - setText(findTestObject("Object Repository/Page_Login/input_Swag Labs_password"), ValidPassword): Text 'secret_sauce' is set on object 'Object Repository/Page_Login/input_Swag Labs_password'

2023-10-22 19:49:22 - [MESSAGE][PASSED] - Text 'secret_sauce' is set on object 'Object Repository/Page_Login/input_Swag Labs_password'

2023-10-22 19:49:22 - [TEST_STEP][PASSED] - click(findTestObject("Object Repository/Page_Login/input_Swag Labs_login-button")): Object: 'Object Repository/Page_Login/input_Swag Labs_login-button' is clicked on

2023-10-22 19:49:23 - [MESSAGE][PASSED] - Object: 'Object Repository/Page_Login/input_Swag Labs_login-button' is clicked on]]></system-out>
         <system-err><![CDATA[]]></system-err>
      </testcase>
      <testcase name="Test Cases/Page_Inventory/Add to cart" time="1.767" classname="Test Cases/Page_Inventory/Add to cart" status="PASSED">
         <system-out><![CDATA[2023-10-22 19:49:23 - [TEST_CASE][PASSED] - Test Cases/Page_Inventory/Add to cart: Test Cases/Page_Inventory/Add to cart

2023-10-22 19:49:23 - [TEST_STEP][PASSED] - verifyElementVisible(findTestObject("Object Repository/Page_Inventory/button_Add to cart")): Object 'Object Repository/Page_Inventory/button_Add to cart' is visible

2023-10-22 19:49:24 - [MESSAGE][PASSED] - Object 'Object Repository/Page_Inventory/button_Add to cart' is visible

2023-10-22 19:49:24 - [TEST_STEP][PASSED] - click(findTestObject("Object Repository/Page_Inventory/button_Add to cart")): Object: 'Object Repository/Page_Inventory/button_Add to cart' is clicked on

2023-10-22 19:49:24 - [MESSAGE][PASSED] - Object: 'Object Repository/Page_Inventory/button_Add to cart' is clicked on

2023-10-22 19:49:24 - [TEST_STEP][PASSED] - cart = getText(findTestObject("Object Repository/Page_Inventory/total_cart")): Text of object 'Object Repository/Page_Inventory/total_cart' is: '1'

2023-10-22 19:49:25 - [MESSAGE][PASSED] - Text of object 'Object Repository/Page_Inventory/total_cart' is: '1'

2023-10-22 19:49:25 - [TEST_STEP][PASSED] - Assert.assertEquals("1", cart): null]]></system-out>
         <system-err><![CDATA[]]></system-err>
      </testcase>
      <testcase name="Test Cases/Page_Inventory/Move to cart page" time="1.16" classname="Test Cases/Page_Inventory/Move to cart page" status="PASSED">
         <system-out><![CDATA[2023-10-22 19:49:25 - [TEST_CASE][PASSED] - Test Cases/Page_Inventory/Move to cart page: Test Cases/Page_Inventory/Move to cart page

2023-10-22 19:49:25 - [TEST_STEP][PASSED] - click(findTestObject("Object Repository/Page_Inventory/Shopping cart")): Object: 'Object Repository/Page_Inventory/Shopping cart' is clicked on

2023-10-22 19:49:25 - [MESSAGE][PASSED] - Object: 'Object Repository/Page_Inventory/Shopping cart' is clicked on

2023-10-22 19:49:25 - [TEST_STEP][PASSED] - verifyElementVisible(findTestObject("Object Repository/Page_Cart/button_Checkout")): Object 'Object Repository/Page_Cart/button_Checkout' is visible

2023-10-22 19:49:26 - [MESSAGE][PASSED] - Object 'Object Repository/Page_Cart/button_Checkout' is visible]]></system-out>
         <system-err><![CDATA[]]></system-err>
      </testcase>
      <testcase name="Test Cases/Page_Cart/Remove Product" time="1.506" classname="Test Cases/Page_Cart/Remove Product" status="PASSED">
         <system-out><![CDATA[2023-10-22 19:49:26 - [TEST_CASE][PASSED] - Test Cases/Page_Cart/Remove Product: Test Cases/Page_Cart/Remove Product

2023-10-22 19:49:26 - [TEST_STEP][PASSED] - verifyElementVisible(findTestObject("Object Repository/Page_Cart/button_Checkout")): Object 'Object Repository/Page_Cart/button_Checkout' is visible

2023-10-22 19:49:26 - [MESSAGE][PASSED] - Object 'Object Repository/Page_Cart/button_Checkout' is visible

2023-10-22 19:49:26 - [TEST_STEP][PASSED] - click(findTestObject("Object Repository/Page_Cart/button_Remove")): Object: 'Object Repository/Page_Cart/button_Remove' is clicked on

2023-10-22 19:49:27 - [MESSAGE][PASSED] - Object: 'Object Repository/Page_Cart/button_Remove' is clicked on

2023-10-22 19:49:27 - [TEST_STEP][PASSED] - verifyElementNotPresent(findTestObject("Object Repository/Page_Inventory/total_cart"), 1): Web element with id: 'Object Repository/Page_Inventory/total_cart' located by 'By.xpath: //*[@class = 'shopping_cart_badge' and (text() = '1' or . = '1')]' is not present after '1' second(s)

2023-10-22 19:49:27 - [MESSAGE][PASSED] - Web element with id: 'Object Repository/Page_Inventory/total_cart' located by 'By.xpath: //*[@class = 'shopping_cart_badge' and (text() = '1' or . = '1')]' is not present after '1' second(s)]]></system-out>
         <system-err><![CDATA[]]></system-err>
      </testcase>
      <system-out><![CDATA[2023-10-22 19:49:05 - [TEST_SUITE][PASSED] - Remove Product Success: Test Cases/Page_Cart/Remove Product]]></system-out>
      <system-err><![CDATA[]]></system-err>
   </testsuite>
</testsuites>
