<?xml version="1.0" encoding="UTF-8"?>
<testsuites name="Checkout Product Success" time="21.603" tests="6" failures="0" errors="0">
   <testsuite name="Checkout Product Success" tests="6" failures="0" errors="0" time="21.603" skipped="0" timestamp="2023-10-22 19:39:36" hostname="haeka - 192.168.0.83" id="Test Suites/Checkout Product Success">
      <properties>
         <property name="deviceName" value=""/>
         <property name="devicePlatform" value=""/>
         <property name="logFolder" value="C:\\Users\\haeka\\Katalon Studio\\Sanber-Week5\\Reports\\20231022_193924\\Checkout Product Success\\20231022_193925"/>
         <property name="logFiles" value="C:\\Users\\haeka\\Katalon Studio\\Sanber-Week5\\Reports\\20231022_193924\\Checkout Product Success\\20231022_193925\\execution0.log"/>
         <property name="attachments" value=""/>
         <property name="hostName" value="haeka - 192.168.0.83"/>
         <property name="os" value="Windows 10 64bit"/>
         <property name="katalonVersion" value="8.4.0.208"/>
         <property name="browser" value="Firefox 118.0"/>
         <property name="hostAddress" value="192.168.0.83"/>
         <property name="sessionId" value="456ef28d-49e8-4dec-8196-f9be4d997f2c"/>
         <property name="seleniumVersion" value="3.141.59"/>
         <property name="proxyInformation" value="ProxyInformation { proxyOption=NO_PROXY, proxyServerType=HTTP, username=, password=********, proxyServerAddress=, proxyServerPort=0, executionList=&quot;&quot;, isApplyToDesiredCapabilities=true }"/>
         <property name="platform" value="Windows 10"/>
      </properties>
      <testcase name="Test Cases/Common/Open Browser" time="6.956" classname="Test Cases/Common/Open Browser" status="PASSED">
         <system-out><![CDATA[2023-10-22 19:39:36 - [TEST_CASE][PASSED] - Test Cases/Common/Open Browser: Test Cases/Common/Open Browser

2023-10-22 19:39:36 - [TEST_STEP][PASSED] - openBrowser(""): Browser is opened with url: ''

2023-10-22 19:39:37 - [MESSAGE][INFO] - Starting 'Firefox' driver

2023-10-22 19:39:37 - [MESSAGE][INFO] - Action delay is set to 0 milliseconds

2023-10-22 19:39:43 - [MESSAGE][PASSED] - Browser is opened with url: ''

2023-10-22 19:39:43 - [TEST_STEP][PASSED] - maximizeWindow(): Current window maximized

2023-10-22 19:39:43 - [MESSAGE][PASSED] - Current window maximized]]></system-out>
         <system-err><![CDATA[]]></system-err>
      </testcase>
      <testcase name="Test Cases/Common/Navigate to url" time="7.47" classname="Test Cases/Common/Navigate to url" status="PASSED">
         <system-out><![CDATA[2023-10-22 19:39:43 - [TEST_CASE][PASSED] - Test Cases/Common/Navigate to url: Test Cases/Common/Navigate to url

2023-10-22 19:39:43 - [TEST_STEP][PASSED] - navigateToUrl("https://www.saucedemo.com/"): Navigate to 'https://www.saucedemo.com/' successfully

2023-10-22 19:39:48 - [MESSAGE][PASSED] - Navigate to 'https://www.saucedemo.com/' successfully

2023-10-22 19:39:48 - [TEST_STEP][PASSED] - delay(1): Delayed 1 second(s)

2023-10-22 19:39:49 - [MESSAGE][PASSED] - Delayed 1 second(s)

2023-10-22 19:39:49 - [TEST_STEP][PASSED] - verifyElementVisible(findTestObject("Object Repository/Page_Login/input_Swag Labs_login-button")): Object 'Object Repository/Page_Login/input_Swag Labs_login-button' is visible

2023-10-22 19:39:51 - [MESSAGE][PASSED] - Object 'Object Repository/Page_Login/input_Swag Labs_login-button' is visible]]></system-out>
         <system-err><![CDATA[]]></system-err>
      </testcase>
      <testcase name="Test Cases/Page_Login/Login with valid credentials" time="2.787" classname="Test Cases/Page_Login/Login with valid credentials" status="PASSED">
         <system-out><![CDATA[2023-10-22 19:39:51 - [TEST_CASE][PASSED] - Test Cases/Page_Login/Login with valid credentials: Test Cases/Page_Login/Login with valid credentials

2023-10-22 19:39:51 - [TEST_STEP][PASSED] - verifyElementVisible(findTestObject("Object Repository/Page_Login/input_Swag Labs_login-button")): Object 'Object Repository/Page_Login/input_Swag Labs_login-button' is visible

2023-10-22 19:39:51 - [MESSAGE][PASSED] - Object 'Object Repository/Page_Login/input_Swag Labs_login-button' is visible

2023-10-22 19:39:51 - [TEST_STEP][PASSED] - setText(findTestObject("Page_Login/input_Swag Labs_user-name"), ValidUsername): Text 'standard_user' is set on object 'Object Repository/Page_Login/input_Swag Labs_user-name'

2023-10-22 19:39:52 - [MESSAGE][PASSED] - Text 'standard_user' is set on object 'Object Repository/Page_Login/input_Swag Labs_user-name'

2023-10-22 19:39:52 - [TEST_STEP][PASSED] - setText(findTestObject("Object Repository/Page_Login/input_Swag Labs_password"), ValidPassword): Text 'secret_sauce' is set on object 'Object Repository/Page_Login/input_Swag Labs_password'

2023-10-22 19:39:53 - [MESSAGE][PASSED] - Text 'secret_sauce' is set on object 'Object Repository/Page_Login/input_Swag Labs_password'

2023-10-22 19:39:53 - [TEST_STEP][PASSED] - click(findTestObject("Object Repository/Page_Login/input_Swag Labs_login-button")): Object: 'Object Repository/Page_Login/input_Swag Labs_login-button' is clicked on

2023-10-22 19:39:53 - [MESSAGE][PASSED] - Object: 'Object Repository/Page_Login/input_Swag Labs_login-button' is clicked on]]></system-out>
         <system-err><![CDATA[]]></system-err>
      </testcase>
      <testcase name="Test Cases/Page_Inventory/Add to cart" time="1.689" classname="Test Cases/Page_Inventory/Add to cart" status="PASSED">
         <system-out><![CDATA[2023-10-22 19:39:53 - [TEST_CASE][PASSED] - Test Cases/Page_Inventory/Add to cart: Test Cases/Page_Inventory/Add to cart

2023-10-22 19:39:54 - [TEST_STEP][PASSED] - verifyElementVisible(findTestObject("Object Repository/Page_Inventory/button_Add to cart")): Object 'Object Repository/Page_Inventory/button_Add to cart' is visible

2023-10-22 19:39:54 - [MESSAGE][PASSED] - Object 'Object Repository/Page_Inventory/button_Add to cart' is visible

2023-10-22 19:39:54 - [TEST_STEP][PASSED] - click(findTestObject("Object Repository/Page_Inventory/button_Add to cart")): Object: 'Object Repository/Page_Inventory/button_Add to cart' is clicked on

2023-10-22 19:39:55 - [MESSAGE][PASSED] - Object: 'Object Repository/Page_Inventory/button_Add to cart' is clicked on

2023-10-22 19:39:55 - [TEST_STEP][PASSED] - cart = getText(findTestObject("Object Repository/Page_Inventory/total_cart")): Text of object 'Object Repository/Page_Inventory/total_cart' is: '1'

2023-10-22 19:39:55 - [MESSAGE][PASSED] - Text of object 'Object Repository/Page_Inventory/total_cart' is: '1'

2023-10-22 19:39:55 - [TEST_STEP][PASSED] - Assert.assertEquals("1", cart): null]]></system-out>
         <system-err><![CDATA[]]></system-err>
      </testcase>
      <testcase name="Test Cases/Page_Inventory/Move to cart page" time="1.125" classname="Test Cases/Page_Inventory/Move to cart page" status="PASSED">
         <system-out><![CDATA[2023-10-22 19:39:55 - [TEST_CASE][PASSED] - Test Cases/Page_Inventory/Move to cart page: Test Cases/Page_Inventory/Move to cart page

2023-10-22 19:39:55 - [TEST_STEP][PASSED] - click(findTestObject("Object Repository/Page_Inventory/Shopping cart")): Object: 'Object Repository/Page_Inventory/Shopping cart' is clicked on

2023-10-22 19:39:56 - [MESSAGE][PASSED] - Object: 'Object Repository/Page_Inventory/Shopping cart' is clicked on

2023-10-22 19:39:56 - [TEST_STEP][PASSED] - verifyElementVisible(findTestObject("Object Repository/Page_Cart/button_Checkout")): Object 'Object Repository/Page_Cart/button_Checkout' is visible

2023-10-22 19:39:56 - [MESSAGE][PASSED] - Object 'Object Repository/Page_Cart/button_Checkout' is visible]]></system-out>
         <system-err><![CDATA[]]></system-err>
      </testcase>
      <testcase name="Test Cases/Page_Cart/Checkout Product" time="1.356" classname="Test Cases/Page_Cart/Checkout Product" status="PASSED">
         <system-out><![CDATA[2023-10-22 19:39:56 - [TEST_CASE][PASSED] - Test Cases/Page_Cart/Checkout Product: Test Cases/Page_Cart/Checkout Product

2023-10-22 19:39:56 - [TEST_STEP][PASSED] - verifyElementVisible(findTestObject("Object Repository/Page_Cart/button_Checkout")): Object 'Object Repository/Page_Cart/button_Checkout' is visible

2023-10-22 19:39:57 - [MESSAGE][PASSED] - Object 'Object Repository/Page_Cart/button_Checkout' is visible

2023-10-22 19:39:57 - [TEST_STEP][PASSED] - click(findTestObject("Object Repository/Page_Cart/button_Checkout")): Object: 'Object Repository/Page_Cart/button_Checkout' is clicked on

2023-10-22 19:39:57 - [MESSAGE][PASSED] - Object: 'Object Repository/Page_Cart/button_Checkout' is clicked on

2023-10-22 19:39:57 - [TEST_STEP][PASSED] - verifyElementVisible(findTestObject("Object Repository/Page_Checkout Your Information/input_Cancel_continue")): Object 'Object Repository/Page_Checkout Your Information/input_Cancel_continue' is visible

2023-10-22 19:39:58 - [MESSAGE][PASSED] - Object 'Object Repository/Page_Checkout Your Information/input_Cancel_continue' is visible]]></system-out>
         <system-err><![CDATA[]]></system-err>
      </testcase>
      <system-out><![CDATA[2023-10-22 19:39:36 - [TEST_SUITE][PASSED] - Checkout Product Success: Test Cases/Page_Cart/Checkout Product]]></system-out>
      <system-err><![CDATA[]]></system-err>
   </testsuite>
</testsuites>
